# JRE version: OpenJDK Runtime Environment Microsoft-8902769 (17.0.10+7) (build 17.0.10+7-LTS)
# Java VM: OpenJDK 64-Bit Server VM Microsoft-8902769 (17.0.10+7-LTS, mixed mode, sharing, tiered, compressed oops, compressed class ptrs, g1 gc, windows-amd64)
GC Precious Log:
 CPUs: 12 total, 12 available
 Memory: 5996M
 Large Page Support: Disabled
 NUMA Support: Disabled
 Compressed Oops: Enabled (32-bit)
 Heap Region Size: 1M
 Heap Min Capacity: 8M
 Heap Initial Capacity: 94M
 Heap Max Capacity: 2G
 Pre-touch: Disabled
 Parallel Workers: 10
 Concurrent Workers: 3
 Concurrent Refinement Workers: 10
 Periodic GC: Disabled
Heap:
 garbage-first heap   total 307200K, used 216683K [0x0000000080000000, 0x0000000100000000)
  region size 1024K, 7 young (7168K), 7 survivors (7168K)
 Metaspace       used 98193K, committed 99520K, reserved 557056K
  class space    used 13796K, committed 14400K, reserved 425984K
GC Heap History (20 events):
Event: 17.529 GC heap after
{Heap after GC invocations=33 (full 0):
 garbage-first heap   total 153600K, used 86512K [0x0000000080000000, 0x0000000100000000)
  region size 1024K, 1 young (1024K), 1 survivors (1024K)
 Metaspace       used 67902K, committed 68672K, reserved 491520K
  class space    used 9717K, committed 10112K, reserved 425984K
}
Event: 17.904 GC heap before
{Heap before GC invocations=33 (full 0):
 garbage-first heap   total 153600K, used 121328K [0x0000000080000000, 0x0000000100000000)
  region size 1024K, 35 young (35840K), 1 survivors (1024K)
 Metaspace       used 70626K, committed 71296K, reserved 491520K
  class space    used 10010K, committed 10368K, reserved 425984K
}
Event: 17.905 GC heap after
{Heap after GC invocations=34 (full 0):
 garbage-first heap   total 153600K, used 88403K [0x0000000080000000, 0x0000000100000000)
  region size 1024K, 2 young (2048K), 2 survivors (2048K)
 Metaspace       used 70626K, committed 71296K, reserved 491520K
  class space    used 10010K, committed 10368K, reserved 425984K
}
Event: 18.212 GC heap before
{Heap before GC invocations=34 (full 0):
 garbage-first heap   total 153600K, used 127315K [0x0000000080000000, 0x0000000100000000)
  region size 1024K, 36 young (36864K), 2 survivors (2048K)
 Metaspace       used 73637K, committed 74432K, reserved 491520K
  class space    used 10359K, committed 10752K, reserved 425984K
}
Event: 18.217 GC heap after
{Heap after GC invocations=35 (full 0):
 garbage-first heap   total 153600K, used 97122K [0x0000000080000000, 0x0000000100000000)
  region size 1024K, 5 young (5120K), 5 survivors (5120K)
 Metaspace       used 73637K, committed 74432K, reserved 491520K
  class space    used 10359K, committed 10752K, reserved 425984K
}
Event: 18.452 GC heap before
{Heap before GC invocations=35 (full 0):
 garbage-first heap   total 153600K, used 125794K [0x0000000080000000, 0x0000000100000000)
  region size 1024K, 32 young (32768K), 5 survivors (5120K)
 Metaspace       used 75290K, committed 76032K, reserved 557056K
  class space    used 10586K, committed 10944K, reserved 425984K
}
Event: 18.458 GC heap after
{Heap after GC invocations=36 (full 0):
 garbage-first heap   total 307200K, used 95643K [0x0000000080000000, 0x0000000100000000)
  region size 1024K, 3 young (3072K), 3 survivors (3072K)
 Metaspace       used 75290K, committed 76032K, reserved 557056K
  class space    used 10586K, committed 10944K, reserved 425984K
}
Event: 19.666 GC heap before
{Heap before GC invocations=36 (full 0):
 garbage-first heap   total 307200K, used 222619K [0x0000000080000000, 0x0000000100000000)
  region size 1024K, 127 young (130048K), 3 survivors (3072K)
 Metaspace       used 82210K, committed 83008K, reserved 557056K
  class space    used 11529K, committed 11904K, reserved 425984K
}
Event: 19.675 GC heap after
{Heap after GC invocations=37 (full 0):
 garbage-first heap   total 307200K, used 102602K [0x0000000080000000, 0x0000000100000000)
  region size 1024K, 10 young (10240K), 10 survivors (10240K)
 Metaspace       used 82210K, committed 83008K, reserved 557056K
  class space    used 11529K, committed 11904K, reserved 425984K
}
Event: 25.954 GC heap before
{Heap before GC invocations=37 (full 0):
 garbage-first heap   total 307200K, used 241866K [0x0000000080000000, 0x0000000100000000)
  region size 1024K, 145 young (148480K), 10 survivors (10240K)
 Metaspace       used 90530K, committed 91456K, reserved 557056K
  class space    used 12854K, committed 13312K, reserved 425984K
}
Event: 25.966 GC heap after
{Heap after GC invocations=38 (full 0):
 garbage-first heap   total 307200K, used 109316K [0x0000000080000000, 0x0000000100000000)
  region size 1024K, 16 young (16384K), 16 survivors (16384K)
 Metaspace       used 90530K, committed 91456K, reserved 557056K
  class space    used 12854K, committed 13312K, reserved 425984K
}
Event: 27.489 GC heap before
{Heap before GC invocations=38 (full 0):
 garbage-first heap   total 307200K, used 248580K [0x0000000080000000, 0x0000000100000000)
  region size 1024K, 148 young (151552K), 16 survivors (16384K)
 Metaspace       used 94872K, committed 95808K, reserved 557056K
  class space    used 13401K, committed 13888K, reserved 425984K
}
Event: 27.543 GC heap after
{Heap after GC invocations=39 (full 0):
 garbage-first heap   total 307200K, used 135277K [0x0000000080000000, 0x0000000100000000)
  region size 1024K, 19 young (19456K), 19 survivors (19456K)
 Metaspace       used 94872K, committed 95808K, reserved 557056K
  class space    used 13401K, committed 13888K, reserved 425984K
}
Event: 28.501 GC heap before
{Heap before GC invocations=39 (full 0):
 garbage-first heap   total 307200K, used 243821K [0x0000000080000000, 0x0000000100000000)
  region size 1024K, 122 young (124928K), 19 survivors (19456K)
 Metaspace       used 96340K, committed 97472K, reserved 557056K
  class space    used 13554K, committed 14080K, reserved 425984K
}
Event: 28.532 GC heap after
{Heap after GC invocations=40 (full 0):
 garbage-first heap   total 307200K, used 160716K [0x0000000080000000, 0x0000000100000000)
  region size 1024K, 16 young (16384K), 16 survivors (16384K)
 Metaspace       used 96340K, committed 97472K, reserved 557056K
  class space    used 13554K, committed 14080K, reserved 425984K
}
Event: 29.211 GC heap before
{Heap before GC invocations=40 (full 0):
 garbage-first heap   total 307200K, used 245708K [0x0000000080000000, 0x0000000100000000)
  region size 1024K, 94 young (96256K), 16 survivors (16384K)
 Metaspace       used 97038K, committed 98240K, reserved 557056K
  class space    used 13644K, committed 14208K, reserved 425984K
}
Event: 29.231 GC heap after
{Heap after GC invocations=41 (full 0):
 garbage-first heap   total 307200K, used 181606K [0x0000000080000000, 0x0000000100000000)
  region size 1024K, 12 young (12288K), 12 survivors (12288K)
 Metaspace       used 97038K, committed 98240K, reserved 557056K
  class space    used 13644K, committed 14208K, reserved 425984K
}
Event: 29.871 GC heap before
{Heap before GC invocations=41 (full 0):
 garbage-first heap   total 307200K, used 251238K [0x0000000080000000, 0x0000000100000000)
  region size 1024K, 74 young (75776K), 12 survivors (12288K)
 Metaspace       used 98003K, committed 99392K, reserved 557056K
  class space    used 13772K, committed 14400K, reserved 425984K
}
Event: 29.889 GC heap after
{Heap after GC invocations=42 (full 0):
 garbage-first heap   total 307200K, used 205824K [0x0000000080000000, 0x0000000100000000)
  region size 1024K, 10 young (10240K), 10 survivors (10240K)
 Metaspace       used 98003K, committed 99392K, reserved 557056K
  class space    used 13772K, committed 14400K, reserved 425984K
}
Event: 30.319 GC heap before
{Heap before GC invocations=42 (full 0):
 garbage-first heap   total 307200K, used 249856K [0x0000000080000000, 0x0000000100000000)
  region size 1024K, 52 young (53248K), 10 survivors (10240K)
 Metaspace       used 98193K, committed 99520K, reserved 557056K
  class space    used 13796K, committed 14400K, reserved 425984K
}

