# JRE version: OpenJDK Runtime Environment Microsoft-8902769 (17.0.10+7) (build 17.0.10+7-LTS)
# Java VM: OpenJDK 64-Bit Server VM Microsoft-8902769 (17.0.10+7-LTS, mixed mode, sharing, tiered, compressed oops, compressed class ptrs, g1 gc, windows-amd64)
GC Precious Log:
 CPUs: 12 total, 12 available
 Memory: 5996M
 Large Page Support: Disabled
 NUMA Support: Disabled
 Compressed Oops: Enabled (32-bit)
 Heap Region Size: 1M
 Heap Min Capacity: 8M
 Heap Initial Capacity: 94M
 Heap Max Capacity: 2G
 Pre-touch: Disabled
 Parallel Workers: 10
 Concurrent Workers: 3
 Concurrent Refinement Workers: 10
 Periodic GC: Disabled
Heap:
 garbage-first heap   total 249856K, used 154244K [0x0000000080000000, 0x0000000100000000)
  region size 1024K, 64 young (65536K), 7 survivors (7168K)
 Metaspace       used 80307K, committed 81088K, reserved 557056K
  class space    used 11254K, committed 11648K, reserved 425984K
GC Heap History (20 events):
Event: 15.701 GC heap before
{Heap before GC invocations=16 (full 0):
 garbage-first heap   total 103424K, used 84734K [0x0000000080000000, 0x0000000100000000)
  region size 1024K, 32 young (32768K), 6 survivors (6144K)
 Metaspace       used 53037K, committed 53696K, reserved 491520K
  class space    used 7499K, committed 7808K, reserved 425984K
}
Event: 15.709 GC heap after
{Heap after GC invocations=17 (full 0):
 garbage-first heap   total 124928K, used 61163K [0x0000000080000000, 0x0000000100000000)
  region size 1024K, 2 young (2048K), 2 survivors (2048K)
 Metaspace       used 53037K, committed 53696K, reserved 491520K
  class space    used 7499K, committed 7808K, reserved 425984K
}
Event: 16.313 GC heap before
{Heap before GC invocations=17 (full 0):
 garbage-first heap   total 124928K, used 97003K [0x0000000080000000, 0x0000000100000000)
  region size 1024K, 37 young (37888K), 2 survivors (2048K)
 Metaspace       used 56516K, committed 57216K, reserved 491520K
  class space    used 7975K, committed 8320K, reserved 425984K
}
Event: 16.318 GC heap after
{Heap after GC invocations=18 (full 0):
 garbage-first heap   total 124928K, used 62986K [0x0000000080000000, 0x0000000100000000)
  region size 1024K, 4 young (4096K), 4 survivors (4096K)
 Metaspace       used 56516K, committed 57216K, reserved 491520K
  class space    used 7975K, committed 8320K, reserved 425984K
}
Event: 16.807 GC heap before
{Heap before GC invocations=19 (full 0):
 garbage-first heap   total 124928K, used 97802K [0x0000000080000000, 0x0000000100000000)
  region size 1024K, 38 young (38912K), 4 survivors (4096K)
 Metaspace       used 59451K, committed 60160K, reserved 491520K
  class space    used 8433K, committed 8768K, reserved 425984K
}
Event: 16.813 GC heap after
{Heap after GC invocations=20 (full 0):
 garbage-first heap   total 124928K, used 64180K [0x0000000080000000, 0x0000000100000000)
  region size 1024K, 4 young (4096K), 4 survivors (4096K)
 Metaspace       used 59451K, committed 60160K, reserved 491520K
  class space    used 8433K, committed 8768K, reserved 425984K
}
Event: 17.257 GC heap before
{Heap before GC invocations=20 (full 0):
 garbage-first heap   total 124928K, used 98996K [0x0000000080000000, 0x0000000100000000)
  region size 1024K, 38 young (38912K), 4 survivors (4096K)
 Metaspace       used 61574K, committed 62208K, reserved 491520K
  class space    used 8728K, committed 9024K, reserved 425984K
}
Event: 17.261 GC heap after
{Heap after GC invocations=21 (full 0):
 garbage-first heap   total 124928K, used 66161K [0x0000000080000000, 0x0000000100000000)
  region size 1024K, 4 young (4096K), 4 survivors (4096K)
 Metaspace       used 61574K, committed 62208K, reserved 491520K
  class space    used 8728K, committed 9024K, reserved 425984K
}
Event: 17.734 GC heap before
{Heap before GC invocations=22 (full 0):
 garbage-first heap   total 124928K, used 99953K [0x0000000080000000, 0x0000000100000000)
  region size 1024K, 37 young (37888K), 4 survivors (4096K)
 Metaspace       used 62868K, committed 63552K, reserved 491520K
  class space    used 8910K, committed 9216K, reserved 425984K
}
Event: 17.740 GC heap after
{Heap after GC invocations=23 (full 0):
 garbage-first heap   total 124928K, used 69959K [0x0000000080000000, 0x0000000100000000)
  region size 1024K, 5 young (5120K), 5 survivors (5120K)
 Metaspace       used 62868K, committed 63552K, reserved 491520K
  class space    used 8910K, committed 9216K, reserved 425984K
}
Event: 17.746 GC heap before
{Heap before GC invocations=23 (full 0):
 garbage-first heap   total 124928K, used 70983K [0x0000000080000000, 0x0000000100000000)
  region size 1024K, 6 young (6144K), 5 survivors (5120K)
 Metaspace       used 62873K, committed 63552K, reserved 491520K
  class space    used 8910K, committed 9216K, reserved 425984K
}
Event: 17.750 GC heap after
{Heap after GC invocations=24 (full 0):
 garbage-first heap   total 124928K, used 70931K [0x0000000080000000, 0x0000000100000000)
  region size 1024K, 1 young (1024K), 1 survivors (1024K)
 Metaspace       used 62873K, committed 63552K, reserved 491520K
  class space    used 8910K, committed 9216K, reserved 425984K
}
Event: 18.315 GC heap before
{Heap before GC invocations=24 (full 0):
 garbage-first heap   total 124928K, used 101651K [0x0000000080000000, 0x0000000100000000)
  region size 1024K, 31 young (31744K), 1 survivors (1024K)
 Metaspace       used 64677K, committed 65344K, reserved 491520K
  class space    used 9153K, committed 9472K, reserved 425984K
}
Event: 18.322 GC heap after
{Heap after GC invocations=25 (full 0):
 garbage-first heap   total 249856K, used 73257K [0x0000000080000000, 0x0000000100000000)
  region size 1024K, 4 young (4096K), 4 survivors (4096K)
 Metaspace       used 64677K, committed 65344K, reserved 491520K
  class space    used 9153K, committed 9472K, reserved 425984K
}
Event: 19.730 GC heap before
{Heap before GC invocations=26 (full 0):
 garbage-first heap   total 249856K, used 186921K [0x0000000080000000, 0x0000000100000000)
  region size 1024K, 111 young (113664K), 4 survivors (4096K)
 Metaspace       used 68614K, committed 69440K, reserved 491520K
  class space    used 9783K, committed 10176K, reserved 425984K
}
Event: 19.744 GC heap after
{Heap after GC invocations=27 (full 0):
 garbage-first heap   total 249856K, used 89613K [0x0000000080000000, 0x0000000100000000)
  region size 1024K, 14 young (14336K), 14 survivors (14336K)
 Metaspace       used 68614K, committed 69440K, reserved 491520K
  class space    used 9783K, committed 10176K, reserved 425984K
}
Event: 19.764 GC heap before
{Heap before GC invocations=27 (full 0):
 garbage-first heap   total 249856K, used 91661K [0x0000000080000000, 0x0000000100000000)
  region size 1024K, 15 young (15360K), 14 survivors (14336K)
 Metaspace       used 68672K, committed 69440K, reserved 491520K
  class space    used 9790K, committed 10176K, reserved 425984K
}
Event: 19.772 GC heap after
{Heap after GC invocations=28 (full 0):
 garbage-first heap   total 249856K, used 91384K [0x0000000080000000, 0x0000000100000000)
  region size 1024K, 2 young (2048K), 2 survivors (2048K)
 Metaspace       used 68672K, committed 69440K, reserved 491520K
  class space    used 9790K, committed 10176K, reserved 425984K
}
Event: 21.115 GC heap before
{Heap before GC invocations=28 (full 0):
 garbage-first heap   total 249856K, used 196856K [0x0000000080000000, 0x0000000100000000)
  region size 1024K, 99 young (101376K), 2 survivors (2048K)
 Metaspace       used 76187K, committed 76992K, reserved 557056K
  class space    used 10688K, committed 11072K, reserved 425984K
}
Event: 21.121 GC heap after
{Heap after GC invocations=29 (full 0):
 garbage-first heap   total 249856K, used 96900K [0x0000000080000000, 0x0000000100000000)
  region size 1024K, 7 young (7168K), 7 survivors (7168K)
 Metaspace       used 76187K, committed 76992K, reserved 557056K
  class space    used 10688K, committed 11072K, reserved 425984K
}

