# JRE version: OpenJDK Runtime Environment Microsoft-8902769 (17.0.10+7) (build 17.0.10+7-LTS)
# Java VM: OpenJDK 64-Bit Server VM Microsoft-8902769 (17.0.10+7-LTS, mixed mode, sharing, tiered, compressed oops, compressed class ptrs, g1 gc, windows-amd64)
GC Precious Log:
 CPUs: 12 total, 12 available
 Memory: 5996M
 Large Page Support: Disabled
 NUMA Support: Disabled
 Compressed Oops: Enabled (32-bit)
 Heap Region Size: 1M
 Heap Min Capacity: 8M
 Heap Initial Capacity: 94M
 Heap Max Capacity: 2G
 Pre-touch: Disabled
 Parallel Workers: 10
 Concurrent Workers: 3
 Concurrent Refinement Workers: 10
 Periodic GC: Disabled
Heap:
 garbage-first heap   total 314368K, used 214015K [0x0000000080000000, 0x0000000100000000)
  region size 1024K, 8 young (8192K), 8 survivors (8192K)
 Metaspace       used 98163K, committed 99456K, reserved 557056K
  class space    used 13788K, committed 14336K, reserved 425984K
GC Heap History (20 events):
Event: 14.438 GC heap after
{Heap after GC invocations=30 (full 0):
 garbage-first heap   total 150528K, used 91083K [0x0000000080000000, 0x0000000100000000)
  region size 1024K, 6 young (6144K), 6 survivors (6144K)
 Metaspace       used 70187K, committed 70912K, reserved 491520K
  class space    used 9975K, committed 10304K, reserved 425984K
}
Event: 14.448 GC heap before
{Heap before GC invocations=30 (full 0):
 garbage-first heap   total 150528K, used 92107K [0x0000000080000000, 0x0000000100000000)
  region size 1024K, 7 young (7168K), 6 survivors (6144K)
 Metaspace       used 70364K, committed 71104K, reserved 491520K
  class space    used 9980K, committed 10368K, reserved 425984K
}
Event: 14.454 GC heap after
{Heap after GC invocations=31 (full 0):
 garbage-first heap   total 150528K, used 89039K [0x0000000080000000, 0x0000000100000000)
  region size 1024K, 1 young (1024K), 1 survivors (1024K)
 Metaspace       used 70364K, committed 71104K, reserved 491520K
  class space    used 9980K, committed 10368K, reserved 425984K
}
Event: 14.770 GC heap before
{Heap before GC invocations=31 (full 0):
 garbage-first heap   total 150528K, used 127951K [0x0000000080000000, 0x0000000100000000)
  region size 1024K, 35 young (35840K), 1 survivors (1024K)
 Metaspace       used 73576K, committed 74368K, reserved 491520K
  class space    used 10348K, committed 10752K, reserved 425984K
}
Event: 14.777 GC heap after
{Heap after GC invocations=32 (full 0):
 garbage-first heap   total 314368K, used 96520K [0x0000000080000000, 0x0000000100000000)
  region size 1024K, 5 young (5120K), 5 survivors (5120K)
 Metaspace       used 73576K, committed 74368K, reserved 491520K
  class space    used 10348K, committed 10752K, reserved 425984K
}
Event: 15.812 GC heap before
{Heap before GC invocations=33 (full 0):
 garbage-first heap   total 314368K, used 211208K [0x0000000080000000, 0x0000000100000000)
  region size 1024K, 115 young (117760K), 5 survivors (5120K)
 Metaspace       used 81105K, committed 81856K, reserved 557056K
  class space    used 11377K, committed 11712K, reserved 425984K
}
Event: 15.829 GC heap after
{Heap after GC invocations=34 (full 0):
 garbage-first heap   total 314368K, used 97735K [0x0000000080000000, 0x0000000100000000)
  region size 1024K, 9 young (9216K), 9 survivors (9216K)
 Metaspace       used 81105K, committed 81856K, reserved 557056K
  class space    used 11377K, committed 11712K, reserved 425984K
}
Event: 15.902 GC heap before
{Heap before GC invocations=34 (full 0):
 garbage-first heap   total 314368K, used 102855K [0x0000000080000000, 0x0000000100000000)
  region size 1024K, 15 young (15360K), 9 survivors (9216K)
 Metaspace       used 81693K, committed 82496K, reserved 557056K
  class space    used 11444K, committed 11840K, reserved 425984K
}
Event: 15.918 GC heap after
{Heap after GC invocations=35 (full 0):
 garbage-first heap   total 314368K, used 97263K [0x0000000080000000, 0x0000000100000000)
  region size 1024K, 2 young (2048K), 2 survivors (2048K)
 Metaspace       used 81693K, committed 82496K, reserved 557056K
  class space    used 11444K, committed 11840K, reserved 425984K
}
Event: 21.735 GC heap before
{Heap before GC invocations=35 (full 0):
 garbage-first heap   total 314368K, used 245743K [0x0000000080000000, 0x0000000100000000)
  region size 1024K, 147 young (150528K), 2 survivors (2048K)
 Metaspace       used 88754K, committed 89536K, reserved 557056K
  class space    used 12602K, committed 12992K, reserved 425984K
}
Event: 21.745 GC heap after
{Heap after GC invocations=36 (full 0):
 garbage-first heap   total 314368K, used 104138K [0x0000000080000000, 0x0000000100000000)
  region size 1024K, 8 young (8192K), 8 survivors (8192K)
 Metaspace       used 88754K, committed 89536K, reserved 557056K
  class space    used 12602K, committed 12992K, reserved 425984K
}
Event: 23.217 GC heap before
{Heap before GC invocations=36 (full 0):
 garbage-first heap   total 314368K, used 246474K [0x0000000080000000, 0x0000000100000000)
  region size 1024K, 143 young (146432K), 8 survivors (8192K)
 Metaspace       used 94319K, committed 95296K, reserved 557056K
  class space    used 13327K, committed 13760K, reserved 425984K
}
Event: 23.244 GC heap after
{Heap after GC invocations=37 (full 0):
 garbage-first heap   total 314368K, used 128502K [0x0000000080000000, 0x0000000100000000)
  region size 1024K, 18 young (18432K), 18 survivors (18432K)
 Metaspace       used 94319K, committed 95296K, reserved 557056K
  class space    used 13327K, committed 13760K, reserved 425984K
}
Event: 24.279 GC heap before
{Heap before GC invocations=37 (full 0):
 garbage-first heap   total 314368K, used 246262K [0x0000000080000000, 0x0000000100000000)
  region size 1024K, 130 young (133120K), 18 survivors (18432K)
 Metaspace       used 96214K, committed 97280K, reserved 557056K
  class space    used 13540K, committed 14016K, reserved 425984K
}
Event: 24.445 GC heap after
{Heap after GC invocations=38 (full 0):
 garbage-first heap   total 314368K, used 158371K [0x0000000080000000, 0x0000000100000000)
  region size 1024K, 17 young (17408K), 17 survivors (17408K)
 Metaspace       used 96214K, committed 97280K, reserved 557056K
  class space    used 13540K, committed 14016K, reserved 425984K
}
Event: 25.331 GC heap before
{Heap before GC invocations=38 (full 0):
 garbage-first heap   total 314368K, used 248483K [0x0000000080000000, 0x0000000100000000)
  region size 1024K, 100 young (102400K), 17 survivors (17408K)
 Metaspace       used 96959K, committed 98112K, reserved 557056K
  class space    used 13632K, committed 14144K, reserved 425984K
}
Event: 25.354 GC heap after
{Heap after GC invocations=39 (full 0):
 garbage-first heap   total 314368K, used 178175K [0x0000000080000000, 0x0000000100000000)
  region size 1024K, 13 young (13312K), 13 survivors (13312K)
 Metaspace       used 96959K, committed 98112K, reserved 557056K
  class space    used 13632K, committed 14144K, reserved 425984K
}
Event: 25.948 GC heap before
{Heap before GC invocations=39 (full 0):
 garbage-first heap   total 314368K, used 251903K [0x0000000080000000, 0x0000000100000000)
  region size 1024K, 79 young (80896K), 13 survivors (13312K)
 Metaspace       used 97879K, committed 99200K, reserved 557056K
  class space    used 13754K, committed 14336K, reserved 425984K
}
Event: 25.966 GC heap after
{Heap after GC invocations=40 (full 0):
 garbage-first heap   total 314368K, used 201015K [0x0000000080000000, 0x0000000100000000)
  region size 1024K, 10 young (10240K), 10 survivors (10240K)
 Metaspace       used 97879K, committed 99200K, reserved 557056K
  class space    used 13754K, committed 14336K, reserved 425984K
}
Event: 26.420 GC heap before
{Heap before GC invocations=40 (full 0):
 garbage-first heap   total 314368K, used 252215K [0x0000000080000000, 0x0000000100000000)
  region size 1024K, 59 young (60416K), 10 survivors (10240K)
 Metaspace       used 98163K, committed 99456K, reserved 557056K
  class space    used 13788K, committed 14336K, reserved 425984K
}

